{
  "stats": {
    "suites": 1,
    "tests": 1,
    "passes": 0,
    "pending": 0,
    "failures": 1,
    "start": "2021-03-18T06:59:09.041Z",
    "end": "2021-03-18T06:59:10.806Z",
    "duration": 1765,
    "testsRegistered": 1,
    "passPercent": 0,
    "pendingPercent": 0,
    "other": 0,
    "hasOther": false,
    "skipped": 0,
    "hasSkipped": false,
    "passPercentClass": "danger",
    "pendingPercentClass": "danger"
  },
  "suites": {
    "uuid": "46383f81-f0fe-41ba-8f5d-7cffdbaff948",
    "title": "",
    "fullFile": "",
    "file": "",
    "beforeHooks": [],
    "afterHooks": [],
    "tests": [],
    "suites": [
      {
        "uuid": "49db832a-3eb0-4998-8bb7-560d742be84f",
        "title": "mock-api",
        "fullFile": "/home/masojan/Documents/mock-api/api-test/api/test/mock_api_test.js",
        "file": "/api/test/mock_api_test.js",
        "beforeHooks": [],
        "afterHooks": [],
        "tests": [
          {
            "title": "@getID As a User, I want to be able to get 201",
            "fullTitle": "mock-api @getID As a User, I want to be able to get 201",
            "timedOut": false,
            "duration": 1753,
            "state": "failed",
            "pass": false,
            "fail": true,
            "pending": false,
            "code": "const response = await page.postId(data);\nconsole.log(response);\nassert(response.status).to.equal(201);",
            "err": {
              "message": "SyntaxError: Unexpected token } in JSON at position 98",
              "estack": "SyntaxError: Unexpected token } in JSON at position 98\n    at JSON.parse (<anonymous>)\n    at IncomingMessage.res.on (node_modules/superagent/lib/node/parsers/json.js:11:35)\n    at endReadableNT (_stream_readable.js:1145:12)\n    at process._tickCallback (internal/process/next_tick.js:63:19)"
            },
            "isRoot": false,
            "uuid": "a0eaed56-746f-47ca-9cb8-b832bcce92a0",
            "isHook": false,
            "skipped": false
          }
        ],
        "suites": [],
        "passes": [],
        "failures": [
          "a0eaed56-746f-47ca-9cb8-b832bcce92a0"
        ],
        "pending": [],
        "skipped": [],
        "duration": 1753,
        "root": false,
        "rootEmpty": false,
        "_timeout": 180000
      }
    ],
    "passes": [],
    "failures": [],
    "pending": [],
    "skipped": [],
    "duration": 0,
    "root": true,
    "rootEmpty": true,
    "_timeout": 180000
  },
  "copyrightYear": 2021
}