{
  "stats": {
    "suites": 1,
    "tests": 1,
    "passes": 1,
    "pending": 0,
    "failures": 0,
    "start": "2020-04-30T03:56:09.104Z",
    "end": "2020-04-30T03:56:09.536Z",
    "duration": 432,
    "testsRegistered": 1,
    "passPercent": 100,
    "pendingPercent": 0,
    "other": 0,
    "hasOther": false,
    "skipped": 0,
    "hasSkipped": false,
    "passPercentClass": "success",
    "pendingPercentClass": "danger"
  },
  "suites": {
    "uuid": "7d2ff38d-b726-4e3d-889f-0816963543a4",
    "title": "",
    "fullFile": "",
    "file": "",
    "beforeHooks": [],
    "afterHooks": [],
    "tests": [],
    "suites": [
      {
        "uuid": "6c8372aa-280a-4422-9107-06ca99436464",
        "title": "mock-api",
        "fullFile": "/Users/styletheory/Documents/api/api-test/api/test/mock_api_test.js",
        "file": "/api/test/mock_api_test.js",
        "beforeHooks": [],
        "afterHooks": [],
        "tests": [
          {
            "title": "@success As a User, I want to be able to create resource",
            "fullTitle": "mock-api @success As a User, I want to be able to create resource",
            "timedOut": false,
            "duration": 422,
            "state": "passed",
            "speed": "slow",
            "pass": true,
            "fail": false,
            "pending": false,
            "code": "const response = await page.postMockApi(data);\nassert(response.status).to.equal(201, console.log(response.body.message));",
            "err": {},
            "isRoot": false,
            "uuid": "99792ce0-0c1e-4424-825a-dbe9ebd9e538",
            "isHook": false,
            "skipped": false
          }
        ],
        "suites": [],
        "passes": [
          "99792ce0-0c1e-4424-825a-dbe9ebd9e538"
        ],
        "failures": [],
        "pending": [],
        "skipped": [],
        "duration": 422,
        "root": false,
        "rootEmpty": false,
        "_timeout": 180000
      }
    ],
    "passes": [],
    "failures": [],
    "pending": [],
    "skipped": [],
    "duration": 0,
    "root": true,
    "rootEmpty": true,
    "_timeout": 180000
  },
  "copyrightYear": 2020
}